2015.05.11 16:02 B E:\Centennial College\Semester 2\Web Development\Week02\Class Example\img\banner-ingilizce.jpg --> studentweb.cencol.ca /alevy8/img banner-ingilizce.jpg
2015.05.11 16:02 B E:\Centennial College\Semester 2\Web Development\Week02\Class Example\img\bullet-blue.png --> studentweb.cencol.ca /alevy8/img bullet-blue.png
2015.05.11 16:02 B E:\Centennial College\Semester 2\Web Development\Week02\Class Example\img\logo.gif --> studentweb.cencol.ca /alevy8/img logo.gif
2015.05.11 16:15 B E:\Centennial College\Semester 2\Web Development\Week02\Class Example\img\WS_FTP.LOG --> studentweb.cencol.ca /alevy8/img WS_FTP.LOG
2015.05.18 20:52 B E:\Centennial College\Semester 2\Web Development\Week02\Class Example\img\banner-ingilizce.jpg --> studentweb.cencol.ca /alevy8/img banner-ingilizce.jpg
2015.05.18 20:52 B E:\Centennial College\Semester 2\Web Development\Week02\Class Example\img\books.jpeg --> studentweb.cencol.ca /alevy8/img books.jpeg
2015.05.18 20:52 B E:\Centennial College\Semester 2\Web Development\Week02\Class Example\img\bullet-blue.png --> studentweb.cencol.ca /alevy8/img bullet-blue.png
2015.05.18 20:52 B E:\Centennial College\Semester 2\Web Development\Week02\Class Example\img\campus.jpg --> studentweb.cencol.ca /alevy8/img campus.jpg
2015.05.18 20:52 B E:\Centennial College\Semester 2\Web Development\Week02\Class Example\img\campusbanner.jpg --> studentweb.cencol.ca /alevy8/img campusbanner.jpg
2015.05.18 20:52 B E:\Centennial College\Semester 2\Web Development\Week02\Class Example\img\Centennial_college.jpg --> studentweb.cencol.ca /alevy8/img Centennial_college.jpg
2015.05.18 20:52 B E:\Centennial College\Semester 2\Web Development\Week02\Class Example\img\code.jpg --> studentweb.cencol.ca /alevy8/img code.jpg
2015.05.18 20:52 B E:\Centennial College\Semester 2\Web Development\Week02\Class Example\img\logo.gif --> studentweb.cencol.ca /alevy8/img logo.gif
2015.05.18 20:52 B E:\Centennial College\Semester 2\Web Development\Week02\Class Example\img\maxresdefault.jpg --> studentweb.cencol.ca /alevy8/img maxresdefault.jpg
2015.05.18 20:52 B E:\Centennial College\Semester 2\Web Development\Week02\Class Example\img\rider.jpg --> studentweb.cencol.ca /alevy8/img rider.jpg
2015.05.18 20:52 B E:\Centennial College\Semester 2\Web Development\Week02\Class Example\img\Story.jpg --> studentweb.cencol.ca /alevy8/img Story.jpg
2015.05.18 20:52 B E:\Centennial College\Semester 2\Web Development\Week02\Class Example\img\WS_FTP.LOG --> studentweb.cencol.ca /alevy8/img WS_FTP.LOG
2015.06.16 22:01 B C:\Users\Master\Documents\Centennial College\Semester 2\Web Development\Main\img\banner-ingilizce.jpg --> studentweb.cencol.ca /alevy8/img banner-ingilizce.jpg
2015.06.16 22:01 B C:\Users\Master\Documents\Centennial College\Semester 2\Web Development\Main\img\books.jpeg --> studentweb.cencol.ca /alevy8/img books.jpeg
2015.06.16 22:01 B C:\Users\Master\Documents\Centennial College\Semester 2\Web Development\Main\img\bullet-blue.png --> studentweb.cencol.ca /alevy8/img bullet-blue.png
2015.06.16 22:01 B C:\Users\Master\Documents\Centennial College\Semester 2\Web Development\Main\img\campus.jpg --> studentweb.cencol.ca /alevy8/img campus.jpg
2015.06.16 22:01 B C:\Users\Master\Documents\Centennial College\Semester 2\Web Development\Main\img\campusbanner.jpg --> studentweb.cencol.ca /alevy8/img campusbanner.jpg
2015.06.16 22:01 B C:\Users\Master\Documents\Centennial College\Semester 2\Web Development\Main\img\Centennial_college.jpg --> studentweb.cencol.ca /alevy8/img Centennial_college.jpg
2015.06.16 22:01 B C:\Users\Master\Documents\Centennial College\Semester 2\Web Development\Main\img\code.jpg --> studentweb.cencol.ca /alevy8/img code.jpg
2015.06.16 22:01 B C:\Users\Master\Documents\Centennial College\Semester 2\Web Development\Main\img\e63.jpg --> studentweb.cencol.ca /alevy8/img e63.jpg
2015.06.16 22:01 B C:\Users\Master\Documents\Centennial College\Semester 2\Web Development\Main\img\logo.gif --> studentweb.cencol.ca /alevy8/img logo.gif
2015.06.16 22:01 B C:\Users\Master\Documents\Centennial College\Semester 2\Web Development\Main\img\maxresdefault.jpg --> studentweb.cencol.ca /alevy8/img maxresdefault.jpg
2015.06.16 22:01 B C:\Users\Master\Documents\Centennial College\Semester 2\Web Development\Main\img\rider.jpg --> studentweb.cencol.ca /alevy8/img rider.jpg
2015.06.16 22:01 B C:\Users\Master\Documents\Centennial College\Semester 2\Web Development\Main\img\Story.jpg --> studentweb.cencol.ca /alevy8/img Story.jpg
2015.06.16 22:01 B C:\Users\Master\Documents\Centennial College\Semester 2\Web Development\Main\img\WS_FTP.LOG --> studentweb.cencol.ca /alevy8/img WS_FTP.LOG
